[0.010s] Invoking command in '/home/beren/dtv_ws/build/dtv_core': CMAKE_PREFIX_PATH=${CMAKE_PREFIX_PATH}:/opt/ros/humble /usr/bin/cmake --build /home/beren/dtv_ws/build/dtv_core -- -j16 -l16
[0.051s] [35m[1mConsolidate compiler generated dependencies of target dtv_controller[0m
[0.066s] [ 50%] [32mBuilding CXX object CMakeFiles/dtv_controller.dir/src/dtv_controller.cpp.o[0m
[1.859s] In file included from [01m[K/opt/ros/humble/include/rclcpp/rclcpp/logging.hpp:24[m[K,
[1.859s]                  from [01m[K/opt/ros/humble/include/rclcpp/rclcpp/client.hpp:40[m[K,
[1.859s]                  from [01m[K/opt/ros/humble/include/rclcpp/rclcpp/callback_group.hpp:24[m[K,
[1.859s]                  from [01m[K/opt/ros/humble/include/rclcpp/rclcpp/any_executable.hpp:20[m[K,
[1.859s]                  from [01m[K/opt/ros/humble/include/rclcpp/rclcpp/memory_strategy.hpp:25[m[K,
[1.860s]                  from [01m[K/opt/ros/humble/include/rclcpp/rclcpp/memory_strategies.hpp:18[m[K,
[1.860s]                  from [01m[K/opt/ros/humble/include/rclcpp/rclcpp/executor_options.hpp:20[m[K,
[1.860s]                  from [01m[K/opt/ros/humble/include/rclcpp/rclcpp/executor.hpp:37[m[K,
[1.860s]                  from [01m[K/opt/ros/humble/include/rclcpp/rclcpp/executors/multi_threaded_executor.hpp:25[m[K,
[1.860s]                  from [01m[K/opt/ros/humble/include/rclcpp/rclcpp/executors.hpp:21[m[K,
[1.860s]                  from [01m[K/opt/ros/humble/include/rclcpp/rclcpp/rclcpp.hpp:155[m[K,
[1.860s]                  from [01m[K/home/beren/dtv_ws/src/dtv_core/src/dtv_controller.cpp:1[m[K:
[1.860s] [01m[K/home/beren/dtv_ws/src/dtv_core/src/dtv_controller.cpp:[m[K In member function ‘[01m[Kvoid Controller::joystickCallback(const Joy&) const[m[K’:
[1.860s] [01m[K/home/beren/dtv_ws/src/dtv_core/src/dtv_controller.cpp:21:62:[m[K [01;31m[Kerror: [m[Kbase operand of ‘[01m[K->[m[K’ has non-pointer type ‘[01m[Kconst Joy[m[K’ {aka ‘[01m[Kconst sensor_msgs::msg::Joy_<std::allocator<void> >[m[K’}
[1.860s]    21 |            RCLCPP_INFO(this->get_logger(), "Command: %f", msg[01;31m[K->[m[Kaxes);
[1.860s]       |                                                              [01;31m[K^~[m[K
[3.599s] gmake[2]: *** [CMakeFiles/dtv_controller.dir/build.make:76: CMakeFiles/dtv_controller.dir/src/dtv_controller.cpp.o] Error 1
[3.599s] gmake[1]: *** [CMakeFiles/Makefile2:137: CMakeFiles/dtv_controller.dir/all] Error 2
[3.600s] gmake: *** [Makefile:146: all] Error 2
[3.602s] Invoked command in '/home/beren/dtv_ws/build/dtv_core' returned '2': CMAKE_PREFIX_PATH=${CMAKE_PREFIX_PATH}:/opt/ros/humble /usr/bin/cmake --build /home/beren/dtv_ws/build/dtv_core -- -j16 -l16
