[0.010s] Invoking command in '/home/beren/dtv_ws/build/dtv_core': CMAKE_PREFIX_PATH=${CMAKE_PREFIX_PATH}:/opt/ros/humble /usr/bin/cmake --build /home/beren/dtv_ws/build/dtv_core -- -j16 -l16
[0.053s] [35m[1mConsolidate compiler generated dependencies of target dtv_controller[0m
[0.069s] [ 50%] [32mBuilding CXX object CMakeFiles/dtv_controller.dir/src/dtv_controller.cpp.o[0m
[2.151s] [01m[K/home/beren/dtv_ws/src/dtv_core/src/dtv_controller.cpp:[m[K In member function ‘[01m[Kvoid Controller::timerCallback()[m[K’:
[2.152s] [01m[K/home/beren/dtv_ws/src/dtv_core/src/dtv_controller.cpp:33:81:[m[K [01;31m[Kerror: [m[K‘[01m[Kstd::chrono::milliseconds[m[K’ {aka ‘[01m[Kstd::chrono::duration<long int, std::ratio<1, 1000> >[m[K’} is not a template
[2.152s]    33 | ono::milliseconds dt = (current_time - prev_time).to_chrono<[01;31m[Kstd[m[K::chrono::milliseconds<float>>();
[2.152s]       |                                                             [01;31m[K^~~[m[K
[2.152s] 
[2.152s] [01m[K/home/beren/dtv_ws/src/dtv_core/src/dtv_controller.cpp:35:51:[m[K [01;31m[Kerror: [m[Kinvalid cast from type ‘[01m[Kstd::chrono::duration<float, std::ratio<1, 1000> >[m[K’ to type ‘[01m[Kdouble[m[K’
[2.152s]    35 |             cmd_vel.linear.x = cmd_vel.linear.x + [01;31m[K(double) (thrust * dt * 1000)[m[K;
[2.153s]       |                                                   [01;31m[K^~~~~~~~~~~~~~~~~~~~~~~~~~~~~[m[K
[2.153s] [01m[K/home/beren/dtv_ws/src/dtv_core/src/dtv_controller.cpp:36:51:[m[K [01;31m[Kerror: [m[Kno match for ‘[01m[Koperator+[m[K’ (operand types are ‘[01m[Kgeometry_msgs::msg::Vector3_<std::allocator<void> >::_y_type[m[K’ {aka ‘[01m[Kdouble[m[K’} and ‘[01m[Kstd::chrono::duration<float, std::ratio<1, 1000> >[m[K’)
[2.153s]    36 |             cmd_vel.angular.y = [32m[Kcmd_vel.angular.y[m[K [01;31m[K+[m[K [34m[Ksteer * dt * 1000[m[K;
[2.153s]       |                                 [32m[K~~~~~~~~~~~~~~~~~[m[K [01;31m[K^[m[K [34m[K~~~~~~~~~~~~~~~~~[m[K
[2.153s]       |                                                 [32m[K|[m[K              [34m[K|[m[K
[2.153s]       |                                                 [32m[K|[m[K              [34m[Kstd::chrono::duration<float, std::ratio<1, 1000> >[m[K
[2.153s]       |                                                 [32m[Kgeometry_msgs::msg::Vector3_<std::allocator<void> >::_y_type {aka double}[m[K
[2.153s] In file included from [01m[K/usr/include/c++/11/bits/stl_algobase.h:67[m[K,
[2.153s]                  from [01m[K/usr/include/c++/11/memory:63[m[K,
[2.153s]                  from [01m[K/opt/ros/humble/include/rclcpp/rclcpp/rclcpp.hpp:153[m[K,
[2.153s]                  from [01m[K/home/beren/dtv_ws/src/dtv_core/src/dtv_controller.cpp:1[m[K:
[2.153s] [01m[K/usr/include/c++/11/bits/stl_iterator.h:585:5:[m[K [01;36m[Knote: [m[Kcandidate: ‘[01m[Ktemplate<class _Iterator> constexpr std::reverse_iterator<_Iterator> std::operator+(typename std::reverse_iterator<_Iterator>::difference_type, const std::reverse_iterator<_Iterator>&)[m[K’
[2.153s]   585 |     [01;36m[Koperator[m[K+(typename reverse_iterator<_Iterator>::difference_type __n,
[2.154s]       |     [01;36m[K^~~~~~~~[m[K
[2.154s] [01m[K/usr/include/c++/11/bits/stl_iterator.h:585:5:[m[K [01;36m[Knote: [m[K  template argument deduction/substitution failed:
[2.154s] [01m[K/home/beren/dtv_ws/src/dtv_core/src/dtv_controller.cpp:36:66:[m[K [01;36m[Knote: [m[K  ‘[01m[Kstd::chrono::duration<float, std::ratio<1, 1000> >[m[K’ is not derived from ‘[01m[Kconst std::reverse_iterator<_Iterator>[m[K’
[2.154s]    36 |             cmd_vel.angular.y = cmd_vel.angular.y + steer * dt * [01;36m[K1000[m[K;
[2.154s]       |                                                                  [01;36m[K^~~~[m[K
[2.154s] In file included from [01m[K/usr/include/c++/11/bits/stl_algobase.h:67[m[K,
[2.154s]                  from [01m[K/usr/include/c++/11/memory:63[m[K,
[2.154s]                  from [01m[K/opt/ros/humble/include/rclcpp/rclcpp/rclcpp.hpp:153[m[K,
[2.154s]                  from [01m[K/home/beren/dtv_ws/src/dtv_core/src/dtv_controller.cpp:1[m[K:
[2.155s] [01m[K/usr/include/c++/11/bits/stl_iterator.h:1700:5:[m[K [01;36m[Knote: [m[Kcandidate: ‘[01m[Ktemplate<class _Iterator> constexpr std::move_iterator<_IteratorL> std::operator+(typename std::move_iterator<_IteratorL>::difference_type, const std::move_iterator<_IteratorL>&)[m[K’
[2.155s]  1700 |     [01;36m[Koperator[m[K+(typename move_iterator<_Iterator>::difference_type __n,
[2.155s]       |     [01;36m[K^~~~~~~~[m[K
[2.155s] [01m[K/usr/include/c++/11/bits/stl_iterator.h:1700:5:[m[K [01;36m[Knote: [m[K  template argument deduction/substitution failed:
[2.155s] [01m[K/home/beren/dtv_ws/src/dtv_core/src/dtv_controller.cpp:36:66:[m[K [01;36m[Knote: [m[K  ‘[01m[Kstd::chrono::duration<float, std::ratio<1, 1000> >[m[K’ is not derived from ‘[01m[Kconst std::move_iterator<_IteratorL>[m[K’
[2.155s]    36 |             cmd_vel.angular.y = cmd_vel.angular.y + steer * dt * [01;36m[K1000[m[K;
[2.155s]       |                                                                  [01;36m[K^~~~[m[K
[2.155s] In file included from [01m[K/usr/include/c++/11/string:55[m[K,
[2.155s]                  from [01m[K/usr/include/c++/11/stdexcept:39[m[K,
[2.155s]                  from [01m[K/usr/include/c++/11/system_error:41[m[K,
[2.155s]                  from [01m[K/usr/include/c++/11/mutex:42[m[K,
[2.155s]                  from [01m[K/usr/include/c++/11/future:38[m[K,
[2.155s]                  from [01m[K/opt/ros/humble/include/rclcpp/rclcpp/executors.hpp:18[m[K,
[2.155s]                  from [01m[K/opt/ros/humble/include/rclcpp/rclcpp/rclcpp.hpp:155[m[K,
[2.156s]                  from [01m[K/home/beren/dtv_ws/src/dtv_core/src/dtv_controller.cpp:1[m[K:
[2.156s] [01m[K/usr/include/c++/11/bits/basic_string.h:6095:5:[m[K [01;36m[Knote: [m[Kcandidate: ‘[01m[Ktemplate<class _CharT, class _Traits, class _Alloc> std::__cxx11::basic_string<_CharT, _Traits, _Allocator> std::operator+(const std::__cxx11::basic_string<_CharT, _Traits, _Allocator>&, const std::__cxx11::basic_string<_CharT, _Traits, _Allocator>&)[m[K’
[2.156s]  6095 |     [01;36m[Koperator[m[K+(const basic_string<_CharT, _Traits, _Alloc>& __lhs,
[2.156s]       |     [01;36m[K^~~~~~~~[m[K
[2.156s] [01m[K/usr/include/c++/11/bits/basic_string.h:6095:5:[m[K [01;36m[Knote: [m[K  template argument deduction/substitution failed:
[2.156s] [01m[K/home/beren/dtv_ws/src/dtv_core/src/dtv_controller.cpp:36:66:[m[K [01;36m[Knote: [m[K  mismatched types ‘[01m[Kconst std::__cxx11::basic_string<_CharT, _Traits, _Allocator>[m[K’ and ‘[01m[Kgeometry_msgs::msg::Vector3_<std::allocator<void> >::_y_type[m[K’ {aka ‘[01m[Kdouble[m[K’}
[2.156s]    36 |             cmd_vel.angular.y = cmd_vel.angular.y + steer * dt * [01;36m[K1000[m[K;
[2.156s]       |                                                                  [01;36m[K^~~~[m[K
[2.156s] In file included from [01m[K/usr/include/c++/11/string:56[m[K,
[2.156s]                  from [01m[K/usr/include/c++/11/stdexcept:39[m[K,
[2.156s]                  from [01m[K/usr/include/c++/11/system_error:41[m[K,
[2.156s]                  from [01m[K/usr/include/c++/11/mutex:42[m[K,
[2.156s]                  from [01m[K/usr/include/c++/11/future:38[m[K,
[2.156s]                  from [01m[K/opt/ros/humble/include/rclcpp/rclcpp/executors.hpp:18[m[K,
[2.156s]                  from [01m[K/opt/ros/humble/include/rclcpp/rclcpp/rclcpp.hpp:155[m[K,
[2.156s]                  from [01m[K/home/beren/dtv_ws/src/dtv_core/src/dtv_controller.cpp:1[m[K:
[2.156s] [01m[K/usr/include/c++/11/bits/basic_string.tcc:1169:5:[m[K [01;36m[Knote: [m[Kcandidate: ‘[01m[Ktemplate<class _CharT, class _Traits, class _Alloc> std::__cxx11::basic_string<_CharT, _Traits, _Allocator> std::operator+(const _CharT*, const std::__cxx11::basic_string<_CharT, _Traits, _Allocator>&)[m[K’
[2.157s]  1169 |     [01;36m[Koperator[m[K+(const _CharT* __lhs,
[2.157s]       |     [01;36m[K^~~~~~~~[m[K
[2.157s] [01m[K/usr/include/c++/11/bits/basic_string.tcc:1169:5:[m[K [01;36m[Knote: [m[K  template argument deduction/substitution failed:
[2.157s] [01m[K/home/beren/dtv_ws/src/dtv_core/src/dtv_controller.cpp:36:66:[m[K [01;36m[Knote: [m[K  mismatched types ‘[01m[Kconst _CharT*[m[K’ and ‘[01m[Kdouble[m[K’
[2.157s]    36 |             cmd_vel.angular.y = cmd_vel.angular.y + steer * dt * [01;36m[K1000[m[K;
[2.157s]       |                                                                  [01;36m[K^~~~[m[K
[2.157s] In file included from [01m[K/usr/include/c++/11/string:56[m[K,
[2.157s]                  from [01m[K/usr/include/c++/11/stdexcept:39[m[K,
[2.157s]                  from [01m[K/usr/include/c++/11/system_error:41[m[K,
[2.157s]                  from [01m[K/usr/include/c++/11/mutex:42[m[K,
[2.157s]                  from [01m[K/usr/include/c++/11/future:38[m[K,
[2.157s]                  from [01m[K/opt/ros/humble/include/rclcpp/rclcpp/executors.hpp:18[m[K,
[2.157s]                  from [01m[K/opt/ros/humble/include/rclcpp/rclcpp/rclcpp.hpp:155[m[K,
[2.157s]                  from [01m[K/home/beren/dtv_ws/src/dtv_core/src/dtv_controller.cpp:1[m[K:
[2.157s] [01m[K/usr/include/c++/11/bits/basic_string.tcc:1189:5:[m[K [01;36m[Knote: [m[Kcandidate: ‘[01m[Ktemplate<class _CharT, class _Traits, class _Alloc> std::__cxx11::basic_string<_CharT, _Traits, _Allocator> std::operator+(_CharT, const std::__cxx11::basic_string<_CharT, _Traits, _Allocator>&)[m[K’
[2.157s]  1189 |     [01;36m[Koperator[m[K+(_CharT __lhs, const basic_string<_CharT, _Traits, _Alloc>& __rhs)
[2.158s]       |     [01;36m[K^~~~~~~~[m[K
[2.158s] [01m[K/usr/include/c++/11/bits/basic_string.tcc:1189:5:[m[K [01;36m[Knote: [m[K  template argument deduction/substitution failed:
[2.158s] [01m[K/home/beren/dtv_ws/src/dtv_core/src/dtv_controller.cpp:36:66:[m[K [01;36m[Knote: [m[K  ‘[01m[Kstd::chrono::duration<float, std::ratio<1, 1000> >[m[K’ is not derived from ‘[01m[Kconst std::__cxx11::basic_string<_CharT, _Traits, _Allocator>[m[K’
[2.158s]    36 |             cmd_vel.angular.y = cmd_vel.angular.y + steer * dt * [01;36m[K1000[m[K;
[2.158s]       |                                                                  [01;36m[K^~~~[m[K
[2.158s] In file included from [01m[K/usr/include/c++/11/string:55[m[K,
[2.158s]                  from [01m[K/usr/include/c++/11/stdexcept:39[m[K,
[2.158s]                  from [01m[K/usr/include/c++/11/system_error:41[m[K,
[2.158s]                  from [01m[K/usr/include/c++/11/mutex:42[m[K,
[2.158s]                  from [01m[K/usr/include/c++/11/future:38[m[K,
[2.158s]                  from [01m[K/opt/ros/humble/include/rclcpp/rclcpp/executors.hpp:18[m[K,
[2.158s]                  from [01m[K/opt/ros/humble/include/rclcpp/rclcpp/rclcpp.hpp:155[m[K,
[2.158s]                  from [01m[K/home/beren/dtv_ws/src/dtv_core/src/dtv_controller.cpp:1[m[K:
[2.158s] [01m[K/usr/include/c++/11/bits/basic_string.h:6132:5:[m[K [01;36m[Knote: [m[Kcandidate: ‘[01m[Ktemplate<class _CharT, class _Traits, class _Alloc> std::__cxx11::basic_string<_CharT, _Traits, _Allocator> std::operator+(const std::__cxx11::basic_string<_CharT, _Traits, _Allocator>&, const _CharT*)[m[K’
[2.158s]  6132 |     [01;36m[Koperator[m[K+(const basic_string<_CharT, _Traits, _Alloc>& __lhs,
[2.158s]       |     [01;36m[K^~~~~~~~[m[K
[2.158s] [01m[K/usr/include/c++/11/bits/basic_string.h:6132:5:[m[K [01;36m[Knote: [m[K  template argument deduction/substitution failed:
[2.158s] [01m[K/home/beren/dtv_ws/src/dtv_core/src/dtv_controller.cpp:36:66:[m[K [01;36m[Knote: [m[K  mismatched types ‘[01m[Kconst std::__cxx11::basic_string<_CharT, _Traits, _Allocator>[m[K’ and ‘[01m[Kgeometry_msgs::msg::Vector3_<std::allocator<void> >::_y_type[m[K’ {aka ‘[01m[Kdouble[m[K’}
[2.158s]    36 |             cmd_vel.angular.y = cmd_vel.angular.y + steer * dt * [01;36m[K1000[m[K;
[2.159s]       |                                                                  [01;36m[K^~~~[m[K
[2.159s] In file included from [01m[K/usr/include/c++/11/string:55[m[K,
[2.159s]                  from [01m[K/usr/include/c++/11/stdexcept:39[m[K,
[2.159s]                  from [01m[K/usr/include/c++/11/system_error:41[m[K,
[2.159s]                  from [01m[K/usr/include/c++/11/mutex:42[m[K,
[2.159s]                  from [01m[K/usr/include/c++/11/future:38[m[K,
[2.159s]                  from [01m[K/opt/ros/humble/include/rclcpp/rclcpp/executors.hpp:18[m[K,
[2.159s]                  from [01m[K/opt/ros/humble/include/rclcpp/rclcpp/rclcpp.hpp:155[m[K,
[2.159s]                  from [01m[K/home/beren/dtv_ws/src/dtv_core/src/dtv_controller.cpp:1[m[K:
[2.159s] [01m[K/usr/include/c++/11/bits/basic_string.h:6148:5:[m[K [01;36m[Knote: [m[Kcandidate: ‘[01m[Ktemplate<class _CharT, class _Traits, class _Alloc> std::__cxx11::basic_string<_CharT, _Traits, _Allocator> std::operator+(const std::__cxx11::basic_string<_CharT, _Traits, _Allocator>&, _CharT)[m[K’
[2.159s]  6148 |     [01;36m[Koperator[m[K+(const basic_string<_CharT, _Traits, _Alloc>& __lhs, _CharT __rhs)
[2.159s]       |     [01;36m[K^~~~~~~~[m[K
[2.159s] [01m[K/usr/include/c++/11/bits/basic_string.h:6148:5:[m[K [01;36m[Knote: [m[K  template argument deduction/substitution failed:
[2.159s] [01m[K/home/beren/dtv_ws/src/dtv_core/src/dtv_controller.cpp:36:66:[m[K [01;36m[Knote: [m[K  mismatched types ‘[01m[Kconst std::__cxx11::basic_string<_CharT, _Traits, _Allocator>[m[K’ and ‘[01m[Kgeometry_msgs::msg::Vector3_<std::allocator<void> >::_y_type[m[K’ {aka ‘[01m[Kdouble[m[K’}
[2.159s]    36 |             cmd_vel.angular.y = cmd_vel.angular.y + steer * dt * [01;36m[K1000[m[K;
[2.159s]       |                                                                  [01;36m[K^~~~[m[K
[2.160s] In file included from [01m[K/usr/include/c++/11/string:55[m[K,
[2.160s]                  from [01m[K/usr/include/c++/11/stdexcept:39[m[K,
[2.160s]                  from [01m[K/usr/include/c++/11/system_error:41[m[K,
[2.160s]                  from [01m[K/usr/include/c++/11/mutex:42[m[K,
[2.160s]                  from [01m[K/usr/include/c++/11/future:38[m[K,
[2.160s]                  from [01m[K/opt/ros/humble/include/rclcpp/rclcpp/executors.hpp:18[m[K,
[2.160s]                  from [01m[K/opt/ros/humble/include/rclcpp/rclcpp/rclcpp.hpp:155[m[K,
[2.160s]                  from [01m[K/home/beren/dtv_ws/src/dtv_core/src/dtv_controller.cpp:1[m[K:
[2.160s] [01m[K/usr/include/c++/11/bits/basic_string.h:6160:5:[m[K [01;36m[Knote: [m[Kcandidate: ‘[01m[Ktemplate<class _CharT, class _Traits, class _Alloc> std::__cxx11::basic_string<_CharT, _Traits, _Allocator> std::operator+(std::__cxx11::basic_string<_CharT, _Traits, _Allocator>&&, const std::__cxx11::basic_string<_CharT, _Traits, _Allocator>&)[m[K’
[2.160s]  6160 |     [01;36m[Koperator[m[K+(basic_string<_CharT, _Traits, _Alloc>&& __lhs,
[2.160s]       |     [01;36m[K^~~~~~~~[m[K
[2.160s] [01m[K/usr/include/c++/11/bits/basic_string.h:6160:5:[m[K [01;36m[Knote: [m[K  template argument deduction/substitution failed:
[2.160s] [01m[K/home/beren/dtv_ws/src/dtv_core/src/dtv_controller.cpp:36:66:[m[K [01;36m[Knote: [m[K  mismatched types ‘[01m[Kstd::__cxx11::basic_string<_CharT, _Traits, _Allocator>[m[K’ and ‘[01m[Kgeometry_msgs::msg::Vector3_<std::allocator<void> >::_y_type[m[K’ {aka ‘[01m[Kdouble[m[K’}
[2.160s]    36 |             cmd_vel.angular.y = cmd_vel.angular.y + steer * dt * [01;36m[K1000[m[K;
[2.160s]       |                                                                  [01;36m[K^~~~[m[K
[2.160s] In file included from [01m[K/usr/include/c++/11/string:55[m[K,
[2.161s]                  from [01m[K/usr/include/c++/11/stdexcept:39[m[K,
[2.161s]                  from [01m[K/usr/include/c++/11/system_error:41[m[K,
[2.161s]                  from [01m[K/usr/include/c++/11/mutex:42[m[K,
[2.161s]                  from [01m[K/usr/include/c++/11/future:38[m[K,
[2.161s]                  from [01m[K/opt/ros/humble/include/rclcpp/rclcpp/executors.hpp:18[m[K,
[2.161s]                  from [01m[K/opt/ros/humble/include/rclcpp/rclcpp/rclcpp.hpp:155[m[K,
[2.161s]                  from [01m[K/home/beren/dtv_ws/src/dtv_core/src/dtv_controller.cpp:1[m[K:
[2.161s] [01m[K/usr/include/c++/11/bits/basic_string.h:6166:5:[m[K [01;36m[Knote: [m[Kcandidate: ‘[01m[Ktemplate<class _CharT, class _Traits, class _Alloc> std::__cxx11::basic_string<_CharT, _Traits, _Allocator> std::operator+(const std::__cxx11::basic_string<_CharT, _Traits, _Allocator>&, std::__cxx11::basic_string<_CharT, _Traits, _Allocator>&&)[m[K’
[2.161s]  6166 |     [01;36m[Koperator[m[K+(const basic_string<_CharT, _Traits, _Alloc>& __lhs,
[2.161s]       |     [01;36m[K^~~~~~~~[m[K
[2.161s] [01m[K/usr/include/c++/11/bits/basic_string.h:6166:5:[m[K [01;36m[Knote: [m[K  template argument deduction/substitution failed:
[2.161s] [01m[K/home/beren/dtv_ws/src/dtv_core/src/dtv_controller.cpp:36:66:[m[K [01;36m[Knote: [m[K  mismatched types ‘[01m[Kconst std::__cxx11::basic_string<_CharT, _Traits, _Allocator>[m[K’ and ‘[01m[Kgeometry_msgs::msg::Vector3_<std::allocator<void> >::_y_type[m[K’ {aka ‘[01m[Kdouble[m[K’}
[2.161s]    36 |             cmd_vel.angular.y = cmd_vel.angular.y + steer * dt * [01;36m[K1000[m[K;
[2.161s]       |                                                                  [01;36m[K^~~~[m[K
[2.161s] In file included from [01m[K/usr/include/c++/11/string:55[m[K,
[2.161s]                  from [01m[K/usr/include/c++/11/stdexcept:39[m[K,
[2.162s]                  from [01m[K/usr/include/c++/11/system_error:41[m[K,
[2.162s]                  from [01m[K/usr/include/c++/11/mutex:42[m[K,
[2.162s]                  from [01m[K/usr/include/c++/11/future:38[m[K,
[2.162s]                  from [01m[K/opt/ros/humble/include/rclcpp/rclcpp/executors.hpp:18[m[K,
[2.162s]                  from [01m[K/opt/ros/humble/include/rclcpp/rclcpp/rclcpp.hpp:155[m[K,
[2.162s]                  from [01m[K/home/beren/dtv_ws/src/dtv_core/src/dtv_controller.cpp:1[m[K:
[2.162s] [01m[K/usr/include/c++/11/bits/basic_string.h:6172:5:[m[K [01;36m[Knote: [m[Kcandidate: ‘[01m[Ktemplate<class _CharT, class _Traits, class _Alloc> std::__cxx11::basic_string<_CharT, _Traits, _Allocator> std::operator+(std::__cxx11::basic_string<_CharT, _Traits, _Allocator>&&, std::__cxx11::basic_string<_CharT, _Traits, _Allocator>&&)[m[K’
[2.162s]  6172 |     [01;36m[Koperator[m[K+(basic_string<_CharT, _Traits, _Alloc>&& __lhs,
[2.162s]       |     [01;36m[K^~~~~~~~[m[K
[2.162s] [01m[K/usr/include/c++/11/bits/basic_string.h:6172:5:[m[K [01;36m[Knote: [m[K  template argument deduction/substitution failed:
[2.162s] [01m[K/home/beren/dtv_ws/src/dtv_core/src/dtv_controller.cpp:36:66:[m[K [01;36m[Knote: [m[K  mismatched types ‘[01m[Kstd::__cxx11::basic_string<_CharT, _Traits, _Allocator>[m[K’ and ‘[01m[Kgeometry_msgs::msg::Vector3_<std::allocator<void> >::_y_type[m[K’ {aka ‘[01m[Kdouble[m[K’}
[2.162s]    36 |             cmd_vel.angular.y = cmd_vel.angular.y + steer * dt * [01;36m[K1000[m[K;
[2.162s]       |                                                                  [01;36m[K^~~~[m[K
[2.162s] In file included from [01m[K/usr/include/c++/11/string:55[m[K,
[2.162s]                  from [01m[K/usr/include/c++/11/stdexcept:39[m[K,
[2.162s]                  from [01m[K/usr/include/c++/11/system_error:41[m[K,
[2.163s]                  from [01m[K/usr/include/c++/11/mutex:42[m[K,
[2.163s]                  from [01m[K/usr/include/c++/11/future:38[m[K,
[2.163s]                  from [01m[K/opt/ros/humble/include/rclcpp/rclcpp/executors.hpp:18[m[K,
[2.163s]                  from [01m[K/opt/ros/humble/include/rclcpp/rclcpp/rclcpp.hpp:155[m[K,
[2.163s]                  from [01m[K/home/beren/dtv_ws/src/dtv_core/src/dtv_controller.cpp:1[m[K:
[2.163s] [01m[K/usr/include/c++/11/bits/basic_string.h:6194:5:[m[K [01;36m[Knote: [m[Kcandidate: ‘[01m[Ktemplate<class _CharT, class _Traits, class _Alloc> std::__cxx11::basic_string<_CharT, _Traits, _Allocator> std::operator+(const _CharT*, std::__cxx11::basic_string<_CharT, _Traits, _Allocator>&&)[m[K’
[2.163s]  6194 |     [01;36m[Koperator[m[K+(const _CharT* __lhs,
[2.163s]       |     [01;36m[K^~~~~~~~[m[K
[2.163s] [01m[K/usr/include/c++/11/bits/basic_string.h:6194:5:[m[K [01;36m[Knote: [m[K  template argument deduction/substitution failed:
[2.163s] [01m[K/home/beren/dtv_ws/src/dtv_core/src/dtv_controller.cpp:36:66:[m[K [01;36m[Knote: [m[K  mismatched types ‘[01m[Kconst _CharT*[m[K’ and ‘[01m[Kdouble[m[K’
[2.163s]    36 |             cmd_vel.angular.y = cmd_vel.angular.y + steer * dt * [01;36m[K1000[m[K;
[2.163s]       |                                                                  [01;36m[K^~~~[m[K
[2.163s] In file included from [01m[K/usr/include/c++/11/string:55[m[K,
[2.163s]                  from [01m[K/usr/include/c++/11/stdexcept:39[m[K,
[2.163s]                  from [01m[K/usr/include/c++/11/system_error:41[m[K,
[2.163s]                  from [01m[K/usr/include/c++/11/mutex:42[m[K,
[2.164s]                  from [01m[K/usr/include/c++/11/future:38[m[K,
[2.164s]                  from [01m[K/opt/ros/humble/include/rclcpp/rclcpp/executors.hpp:18[m[K,
[2.164s]                  from [01m[K/opt/ros/humble/include/rclcpp/rclcpp/rclcpp.hpp:155[m[K,
[2.164s]                  from [01m[K/home/beren/dtv_ws/src/dtv_core/src/dtv_controller.cpp:1[m[K:
[2.164s] [01m[K/usr/include/c++/11/bits/basic_string.h:6200:5:[m[K [01;36m[Knote: [m[Kcandidate: ‘[01m[Ktemplate<class _CharT, class _Traits, class _Alloc> std::__cxx11::basic_string<_CharT, _Traits, _Allocator> std::operator+(_CharT, std::__cxx11::basic_string<_CharT, _Traits, _Allocator>&&)[m[K’
[2.164s]  6200 |     [01;36m[Koperator[m[K+(_CharT __lhs,
[2.164s]       |     [01;36m[K^~~~~~~~[m[K
[2.164s] [01m[K/usr/include/c++/11/bits/basic_string.h:6200:5:[m[K [01;36m[Knote: [m[K  template argument deduction/substitution failed:
[2.164s] [01m[K/home/beren/dtv_ws/src/dtv_core/src/dtv_controller.cpp:36:66:[m[K [01;36m[Knote: [m[K  ‘[01m[Kstd::chrono::duration<float, std::ratio<1, 1000> >[m[K’ is not derived from ‘[01m[Kstd::__cxx11::basic_string<_CharT, _Traits, _Allocator>[m[K’
[2.164s]    36 |             cmd_vel.angular.y = cmd_vel.angular.y + steer * dt * [01;36m[K1000[m[K;
[2.164s]       |                                                                  [01;36m[K^~~~[m[K
[2.164s] In file included from [01m[K/usr/include/c++/11/string:55[m[K,
[2.164s]                  from [01m[K/usr/include/c++/11/stdexcept:39[m[K,
[2.164s]                  from [01m[K/usr/include/c++/11/system_error:41[m[K,
[2.164s]                  from [01m[K/usr/include/c++/11/mutex:42[m[K,
[2.165s]                  from [01m[K/usr/include/c++/11/future:38[m[K,
[2.165s]                  from [01m[K/opt/ros/humble/include/rclcpp/rclcpp/executors.hpp:18[m[K,
[2.165s]                  from [01m[K/opt/ros/humble/include/rclcpp/rclcpp/rclcpp.hpp:155[m[K,
[2.165s]                  from [01m[K/home/beren/dtv_ws/src/dtv_core/src/dtv_controller.cpp:1[m[K:
[2.165s] [01m[K/usr/include/c++/11/bits/basic_string.h:6206:5:[m[K [01;36m[Knote: [m[Kcandidate: ‘[01m[Ktemplate<class _CharT, class _Traits, class _Alloc> std::__cxx11::basic_string<_CharT, _Traits, _Allocator> std::operator+(std::__cxx11::basic_string<_CharT, _Traits, _Allocator>&&, const _CharT*)[m[K’
[2.165s]  6206 |     [01;36m[Koperator[m[K+(basic_string<_CharT, _Traits, _Alloc>&& __lhs,
[2.165s]       |     [01;36m[K^~~~~~~~[m[K
[2.165s] [01m[K/usr/include/c++/11/bits/basic_string.h:6206:5:[m[K [01;36m[Knote: [m[K  template argument deduction/substitution failed:
[2.165s] [01m[K/home/beren/dtv_ws/src/dtv_core/src/dtv_controller.cpp:36:66:[m[K [01;36m[Knote: [m[K  mismatched types ‘[01m[Kstd::__cxx11::basic_string<_CharT, _Traits, _Allocator>[m[K’ and ‘[01m[Kgeometry_msgs::msg::Vector3_<std::allocator<void> >::_y_type[m[K’ {aka ‘[01m[Kdouble[m[K’}
[2.165s]    36 |             cmd_vel.angular.y = cmd_vel.angular.y + steer * dt * [01;36m[K1000[m[K;
[2.165s]       |                                                                  [01;36m[K^~~~[m[K
[2.165s] In file included from [01m[K/usr/include/c++/11/string:55[m[K,
[2.165s]                  from [01m[K/usr/include/c++/11/stdexcept:39[m[K,
[2.165s]                  from [01m[K/usr/include/c++/11/system_error:41[m[K,
[2.165s]                  from [01m[K/usr/include/c++/11/mutex:42[m[K,
[2.165s]                  from [01m[K/usr/include/c++/11/future:38[m[K,
[2.165s]                  from [01m[K/opt/ros/humble/include/rclcpp/rclcpp/executors.hpp:18[m[K,
[2.166s]                  from [01m[K/opt/ros/humble/include/rclcpp/rclcpp/rclcpp.hpp:155[m[K,
[2.166s]                  from [01m[K/home/beren/dtv_ws/src/dtv_core/src/dtv_controller.cpp:1[m[K:
[2.166s] [01m[K/usr/include/c++/11/bits/basic_string.h:6212:5:[m[K [01;36m[Knote: [m[Kcandidate: ‘[01m[Ktemplate<class _CharT, class _Traits, class _Alloc> std::__cxx11::basic_string<_CharT, _Traits, _Allocator> std::operator+(std::__cxx11::basic_string<_CharT, _Traits, _Allocator>&&, _CharT)[m[K’
[2.166s]  6212 |     [01;36m[Koperator[m[K+(basic_string<_CharT, _Traits, _Alloc>&& __lhs,
[2.166s]       |     [01;36m[K^~~~~~~~[m[K
[2.166s] [01m[K/usr/include/c++/11/bits/basic_string.h:6212:5:[m[K [01;36m[Knote: [m[K  template argument deduction/substitution failed:
[2.166s] [01m[K/home/beren/dtv_ws/src/dtv_core/src/dtv_controller.cpp:36:66:[m[K [01;36m[Knote: [m[K  mismatched types ‘[01m[Kstd::__cxx11::basic_string<_CharT, _Traits, _Allocator>[m[K’ and ‘[01m[Kgeometry_msgs::msg::Vector3_<std::allocator<void> >::_y_type[m[K’ {aka ‘[01m[Kdouble[m[K’}
[2.166s]    36 |             cmd_vel.angular.y = cmd_vel.angular.y + steer * dt * [01;36m[K1000[m[K;
[2.166s]       |                                                                  [01;36m[K^~~~[m[K
[2.166s] In file included from [01m[K/usr/include/c++/11/mutex:39[m[K,
[2.166s]                  from [01m[K/usr/include/c++/11/future:38[m[K,
[2.166s]                  from [01m[K/opt/ros/humble/include/rclcpp/rclcpp/executors.hpp:18[m[K,
[2.166s]                  from [01m[K/opt/ros/humble/include/rclcpp/rclcpp/rclcpp.hpp:155[m[K,
[2.166s]                  from [01m[K/home/beren/dtv_ws/src/dtv_core/src/dtv_controller.cpp:1[m[K:
[2.167s] [01m[K/usr/include/c++/11/chrono:646:7:[m[K [01;36m[Knote: [m[Kcandidate: ‘[01m[Ktemplate<class _Rep1, class _Period1, class _Rep2, class _Period2> constexpr typename std::common_type<std::chrono::duration<_Rep1, _Period1>, std::chrono::duration<_Rep2, _Period2> >::type std::chrono::operator+(const std::chrono::duration<_Rep1, _Period1>&, const std::chrono::duration<_Rep2, _Period2>&)[m[K’
[2.167s]   646 |       [01;36m[Koperator[m[K+(const duration<_Rep1, _Period1>& __lhs,
[2.167s]       |       [01;36m[K^~~~~~~~[m[K
[2.167s] [01m[K/usr/include/c++/11/chrono:646:7:[m[K [01;36m[Knote: [m[K  template argument deduction/substitution failed:
[2.167s] [01m[K/home/beren/dtv_ws/src/dtv_core/src/dtv_controller.cpp:36:66:[m[K [01;36m[Knote: [m[K  mismatched types ‘[01m[Kconst std::chrono::duration<_Rep1, _Period1>[m[K’ and ‘[01m[Kgeometry_msgs::msg::Vector3_<std::allocator<void> >::_y_type[m[K’ {aka ‘[01m[Kdouble[m[K’}
[2.167s]    36 |             cmd_vel.angular.y = cmd_vel.angular.y + steer * dt * [01;36m[K1000[m[K;
[2.167s]       |                                                                  [01;36m[K^~~~[m[K
[2.167s] In file included from [01m[K/usr/include/c++/11/mutex:39[m[K,
[2.167s]                  from [01m[K/usr/include/c++/11/future:38[m[K,
[2.167s]                  from [01m[K/opt/ros/humble/include/rclcpp/rclcpp/executors.hpp:18[m[K,
[2.167s]                  from [01m[K/opt/ros/humble/include/rclcpp/rclcpp/rclcpp.hpp:155[m[K,
[2.167s]                  from [01m[K/home/beren/dtv_ws/src/dtv_core/src/dtv_controller.cpp:1[m[K:
[2.167s] [01m[K/usr/include/c++/11/chrono:1002:7:[m[K [01;36m[Knote: [m[Kcandidate: ‘[01m[Ktemplate<class _Clock, class _Dur1, class _Rep2, class _Period2> constexpr std::chrono::time_point<_Clock, typename std::common_type<_Dur1, std::chrono::duration<_Rep2, _Period2> >::type> std::chrono::operator+(const std::chrono::time_point<_Clock, _Duration1>&, const std::chrono::duration<_Rep2, _Period2>&)[m[K’
[2.167s]  1002 |       [01;36m[Koperator[m[K+(const time_point<_Clock, _Dur1>& __lhs,
[2.167s]       |       [01;36m[K^~~~~~~~[m[K
[2.168s] [01m[K/usr/include/c++/11/chrono:1002:7:[m[K [01;36m[Knote: [m[K  template argument deduction/substitution failed:
[2.168s] [01m[K/home/beren/dtv_ws/src/dtv_core/src/dtv_controller.cpp:36:66:[m[K [01;36m[Knote: [m[K  mismatched types ‘[01m[Kconst std::chrono::time_point<_Clock, _Duration1>[m[K’ and ‘[01m[Kgeometry_msgs::msg::Vector3_<std::allocator<void> >::_y_type[m[K’ {aka ‘[01m[Kdouble[m[K’}
[2.168s]    36 |             cmd_vel.angular.y = cmd_vel.angular.y + steer * dt * [01;36m[K1000[m[K;
[2.168s]       |                                                                  [01;36m[K^~~~[m[K
[2.168s] In file included from [01m[K/usr/include/c++/11/mutex:39[m[K,
[2.168s]                  from [01m[K/usr/include/c++/11/future:38[m[K,
[2.168s]                  from [01m[K/opt/ros/humble/include/rclcpp/rclcpp/executors.hpp:18[m[K,
[2.168s]                  from [01m[K/opt/ros/humble/include/rclcpp/rclcpp/rclcpp.hpp:155[m[K,
[2.168s]                  from [01m[K/home/beren/dtv_ws/src/dtv_core/src/dtv_controller.cpp:1[m[K:
[2.168s] [01m[K/usr/include/c++/11/chrono:1016:7:[m[K [01;36m[Knote: [m[Kcandidate: ‘[01m[Ktemplate<class _Rep1, class _Period1, class _Clock, class _Dur2> constexpr std::chrono::time_point<_Clock, typename std::common_type<std::chrono::duration<_Rep1, _Period1>, _Dur2>::type> std::chrono::operator+(const std::chrono::duration<_Rep1, _Period1>&, const std::chrono::time_point<_Clock, _Dur2>&)[m[K’
[2.168s]  1016 |       [01;36m[Koperator[m[K+(const duration<_Rep1, _Period1>& __lhs,
[2.168s]       |       [01;36m[K^~~~~~~~[m[K
[2.168s] [01m[K/usr/include/c++/11/chrono:1016:7:[m[K [01;36m[Knote: [m[K  template argument deduction/substitution failed:
[2.168s] [01m[K/home/beren/dtv_ws/src/dtv_core/src/dtv_controller.cpp:36:66:[m[K [01;36m[Knote: [m[K  mismatched types ‘[01m[Kconst std::chrono::duration<_Rep1, _Period1>[m[K’ and ‘[01m[Kgeometry_msgs::msg::Vector3_<std::allocator<void> >::_y_type[m[K’ {aka ‘[01m[Kdouble[m[K’}
[2.168s]    36 |             cmd_vel.angular.y = cmd_vel.angular.y + steer * dt * [01;36m[K1000[m[K;
[2.168s]       |                                                                  [01;36m[K^~~~[m[K
[3.923s] gmake[2]: *** [CMakeFiles/dtv_controller.dir/build.make:76: CMakeFiles/dtv_controller.dir/src/dtv_controller.cpp.o] Error 1
[3.924s] gmake[1]: *** [CMakeFiles/Makefile2:137: CMakeFiles/dtv_controller.dir/all] Error 2
[3.924s] gmake: *** [Makefile:146: all] Error 2
[3.927s] Invoked command in '/home/beren/dtv_ws/build/dtv_core' returned '2': CMAKE_PREFIX_PATH=${CMAKE_PREFIX_PATH}:/opt/ros/humble /usr/bin/cmake --build /home/beren/dtv_ws/build/dtv_core -- -j16 -l16
