[0.010s] Invoking command in '/home/beren/dtv_ws/build/dtv_core': CMAKE_PREFIX_PATH=${CMAKE_PREFIX_PATH}:/opt/ros/humble /usr/bin/cmake --build /home/beren/dtv_ws/build/dtv_core -- -j16 -l16
[0.035s] -- Found ament_cmake: 1.3.10 (/opt/ros/humble/share/ament_cmake/cmake)
[0.119s] -- Found rclcpp: 16.0.10 (/opt/ros/humble/share/rclcpp/cmake)
[0.140s] -- Found rosidl_generator_c: 3.1.5 (/opt/ros/humble/share/rosidl_generator_c/cmake)
[0.141s] -- Found rosidl_adapter: 3.1.5 (/opt/ros/humble/share/rosidl_adapter/cmake)
[0.145s] -- Found rosidl_generator_cpp: 3.1.5 (/opt/ros/humble/share/rosidl_generator_cpp/cmake)
[0.151s] -- Using all available rosidl_typesupport_c: rosidl_typesupport_fastrtps_c;rosidl_typesupport_introspection_c
[0.159s] -- Using all available rosidl_typesupport_cpp: rosidl_typesupport_fastrtps_cpp;rosidl_typesupport_introspection_cpp
[0.179s] -- Found rmw_implementation_cmake: 6.1.2 (/opt/ros/humble/share/rmw_implementation_cmake/cmake)
[0.180s] -- Found rmw_cyclonedds_cpp: 1.3.4 (/opt/ros/humble/share/rmw_cyclonedds_cpp/cmake)
[0.191s] -- Using RMW implementation 'rmw_cyclonedds_cpp' as default
[0.222s] -- Found tf2_ros: 0.25.7 (/opt/ros/humble/share/tf2_ros/cmake)
[0.281s] -- Found sensor_msgs: 4.2.4 (/opt/ros/humble/share/sensor_msgs/cmake)
[0.302s] [31mCMake Error at CMakeLists.txt:15 (find_package):
[0.302s]   By not providing "Findstring.cmake" in CMAKE_MODULE_PATH this project has
[0.302s]   asked CMake to find a package configuration file provided by "string", but
[0.302s]   CMake did not find one.
[0.302s] 
[0.302s]   Could not find a package configuration file provided by "string" with any
[0.302s]   of the following names:
[0.302s] 
[0.303s]     stringConfig.cmake
[0.303s]     string-config.cmake
[0.303s] 
[0.303s]   Add the installation prefix of "string" to CMAKE_PREFIX_PATH or set
[0.303s]   "string_DIR" to a directory containing one of the above files.  If "string"
[0.303s]   provides a separate development package or SDK, be sure it has been
[0.303s]   installed.
[0.303s] 
[0.303s] [0m
[0.303s] -- Configuring incomplete, errors occurred!
[0.303s] See also "/home/beren/dtv_ws/build/dtv_core/CMakeFiles/CMakeOutput.log".
[0.309s] gmake: *** [Makefile:267: cmake_check_build_system] Error 1
[0.312s] Invoked command in '/home/beren/dtv_ws/build/dtv_core' returned '2': CMAKE_PREFIX_PATH=${CMAKE_PREFIX_PATH}:/opt/ros/humble /usr/bin/cmake --build /home/beren/dtv_ws/build/dtv_core -- -j16 -l16
