[0.010s] Invoking command in '/home/beren/dtv_ws/build/dtv_core': CMAKE_PREFIX_PATH=${CMAKE_PREFIX_PATH}:/opt/ros/humble /usr/bin/cmake --build /home/beren/dtv_ws/build/dtv_core -- -j16 -l16
[0.053s] [35m[1mConsolidate compiler generated dependencies of target dtv_controller[0m
[0.068s] [ 50%] [32mBuilding CXX object CMakeFiles/dtv_controller.dir/src/dtv_controller.cpp.o[0m
[1.892s] [01m[K/home/beren/dtv_ws/src/dtv_core/src/dtv_controller.cpp:[m[K In member function ‘[01m[Kvoid Controller::joystickCallback(const Joy&)[m[K’:
[1.893s] [01m[K/home/beren/dtv_ws/src/dtv_core/src/dtv_controller.cpp:28:16:[m[K [01;31m[Kerror: [m[Kexpected ‘[01m[K([m[K’ before ‘[01m[Kthis[m[K’
[1.893s]    28 |             if [01;31m[Kthis[m[K->thrust > 0.01 or this->thrust < -0.01 {
[1.893s]       |                [01;31m[K^~~~[m[K
[1.893s] [01m[K/home/beren/dtv_ws/src/dtv_core/src/dtv_controller.cpp:30:15:[m[K [01;31m[Kerror: [m[K‘[01m[Kelse[m[K’ without a previous ‘[01m[Kif[m[K’
[1.893s]    30 |             } [01;31m[Kelse[m[K {
[1.893s]       |               [01;31m[K^~~~[m[K
[1.893s] [01m[K/home/beren/dtv_ws/src/dtv_core/src/dtv_controller.cpp:34:16:[m[K [01;31m[Kerror: [m[Kexpected ‘[01m[K([m[K’ before ‘[01m[Kthis[m[K’
[1.893s]    34 |             if [01;31m[Kthis[m[K->steer > 0.01 or this->steer < -0.01 {
[1.893s]       |                [01;31m[K^~~~[m[K
[1.893s] [01m[K/home/beren/dtv_ws/src/dtv_core/src/dtv_controller.cpp:36:15:[m[K [01;31m[Kerror: [m[K‘[01m[Kelse[m[K’ without a previous ‘[01m[Kif[m[K’
[1.893s]    36 |             } [01;31m[Kelse[m[K {
[1.893s]       |               [01;31m[K^~~~[m[K
[1.893s] [01m[K/home/beren/dtv_ws/src/dtv_core/src/dtv_controller.cpp:[m[K In member function ‘[01m[Kvoid Controller::timerCallback()[m[K’:
[1.893s] [01m[K/home/beren/dtv_ws/src/dtv_core/src/dtv_controller.cpp:42:16:[m[K [01;31m[Kerror: [m[Kexpected ‘[01m[K([m[K’ before ‘[01m[Kthrust_pressed[m[K’
[1.894s]    42 |             if [01;31m[Kthrust_pressed[m[K {
[1.894s]       |                [01;31m[K^~~~~~~~~~~~~~[m[K
[1.894s] [01m[K/home/beren/dtv_ws/src/dtv_core/src/dtv_controller.cpp:44:15:[m[K [01;31m[Kerror: [m[K‘[01m[Kelse[m[K’ without a previous ‘[01m[Kif[m[K’
[1.894s]    44 |             } [01;31m[Kelse[m[K {
[1.894s]       |               [01;31m[K^~~~[m[K
[1.894s] [01m[K/home/beren/dtv_ws/src/dtv_core/src/dtv_controller.cpp:48:16:[m[K [01;31m[Kerror: [m[Kexpected ‘[01m[K([m[K’ before ‘[01m[Ksteer_pressed[m[K’
[1.894s]    48 |             if [01;31m[Ksteer_pressed[m[K {
[1.894s]       |                [01;31m[K^~~~~~~~~~~~~[m[K
[1.894s] [01m[K/home/beren/dtv_ws/src/dtv_core/src/dtv_controller.cpp:50:15:[m[K [01;31m[Kerror: [m[K‘[01m[Kelse[m[K’ without a previous ‘[01m[Kif[m[K’
[1.894s]    50 |             } [01;31m[Kelse[m[K {
[1.894s]       |               [01;31m[K^~~~[m[K
[3.603s] gmake[2]: *** [CMakeFiles/dtv_controller.dir/build.make:76: CMakeFiles/dtv_controller.dir/src/dtv_controller.cpp.o] Error 1
[3.604s] gmake[1]: *** [CMakeFiles/Makefile2:137: CMakeFiles/dtv_controller.dir/all] Error 2
[3.604s] gmake: *** [Makefile:146: all] Error 2
[3.606s] Invoked command in '/home/beren/dtv_ws/build/dtv_core' returned '2': CMAKE_PREFIX_PATH=${CMAKE_PREFIX_PATH}:/opt/ros/humble /usr/bin/cmake --build /home/beren/dtv_ws/build/dtv_core -- -j16 -l16
