[35m[1mConsolidate compiler generated dependencies of target dtv_controller[0m
[ 50%] [32mBuilding CXX object CMakeFiles/dtv_controller.dir/src/dtv_controller.cpp.o[0m
[100%] [32m[1mLinking CXX executable dtv_controller[0m
[100%] Built target dtv_controller
-- Install configuration: ""
-- Installing: /home/beren/dtv_ws/install/dtv_core/lib/dtv_core/dtv_controller
-- Set runtime path of "/home/beren/dtv_ws/install/dtv_core/lib/dtv_core/dtv_controller" to ""
-- Installing: /home/beren/dtv_ws/install/dtv_core/share/ament_index/resource_index/package_run_dependencies/dtv_core
-- Up-to-date: /home/beren/dtv_ws/install/dtv_core/share/ament_index/resource_index/parent_prefix_path/dtv_core
-- Up-to-date: /home/beren/dtv_ws/install/dtv_core/share/dtv_core/environment/ament_prefix_path.sh
-- Installing: /home/beren/dtv_ws/install/dtv_core/share/dtv_core/environment/ament_prefix_path.dsv
-- Up-to-date: /home/beren/dtv_ws/install/dtv_core/share/dtv_core/environment/path.sh
-- Installing: /home/beren/dtv_ws/install/dtv_core/share/dtv_core/environment/path.dsv
-- Up-to-date: /home/beren/dtv_ws/install/dtv_core/share/dtv_core/local_setup.bash
-- Up-to-date: /home/beren/dtv_ws/install/dtv_core/share/dtv_core/local_setup.sh
-- Up-to-date: /home/beren/dtv_ws/install/dtv_core/share/dtv_core/local_setup.zsh
-- Installing: /home/beren/dtv_ws/install/dtv_core/share/dtv_core/local_setup.dsv
-- Installing: /home/beren/dtv_ws/install/dtv_core/share/dtv_core/package.dsv
-- Up-to-date: /home/beren/dtv_ws/install/dtv_core/share/ament_index/resource_index/packages/dtv_core
-- Up-to-date: /home/beren/dtv_ws/install/dtv_core/share/dtv_core/cmake/dtv_coreConfig.cmake
-- Up-to-date: /home/beren/dtv_ws/install/dtv_core/share/dtv_core/cmake/dtv_coreConfig-version.cmake
-- Installing: /home/beren/dtv_ws/install/dtv_core/share/dtv_core/package.xml
