[0.011s] Invoking command in '/home/beren/dtv_ws/build/dtv_core': CMAKE_PREFIX_PATH=${CMAKE_PREFIX_PATH}:/opt/ros/humble /usr/bin/cmake --build /home/beren/dtv_ws/build/dtv_core -- -j16 -l16
[0.052s] [35m[1mConsolidate compiler generated dependencies of target dtv_controller[0m
[0.069s] [ 50%] [32mBuilding CXX object CMakeFiles/dtv_controller.dir/src/dtv_controller.cpp.o[0m
[1.947s] In file included from [01m[K/opt/ros/humble/include/rclcpp/rclcpp/logging.hpp:24[m[K,
[1.947s]                  from [01m[K/opt/ros/humble/include/rclcpp/rclcpp/client.hpp:40[m[K,
[1.947s]                  from [01m[K/opt/ros/humble/include/rclcpp/rclcpp/callback_group.hpp:24[m[K,
[1.947s]                  from [01m[K/opt/ros/humble/include/rclcpp/rclcpp/any_executable.hpp:20[m[K,
[1.947s]                  from [01m[K/opt/ros/humble/include/rclcpp/rclcpp/memory_strategy.hpp:25[m[K,
[1.947s]                  from [01m[K/opt/ros/humble/include/rclcpp/rclcpp/memory_strategies.hpp:18[m[K,
[1.947s]                  from [01m[K/opt/ros/humble/include/rclcpp/rclcpp/executor_options.hpp:20[m[K,
[1.947s]                  from [01m[K/opt/ros/humble/include/rclcpp/rclcpp/executor.hpp:37[m[K,
[1.947s]                  from [01m[K/opt/ros/humble/include/rclcpp/rclcpp/executors/multi_threaded_executor.hpp:25[m[K,
[1.947s]                  from [01m[K/opt/ros/humble/include/rclcpp/rclcpp/executors.hpp:21[m[K,
[1.947s]                  from [01m[K/opt/ros/humble/include/rclcpp/rclcpp/rclcpp.hpp:155[m[K,
[1.947s]                  from [01m[K/home/beren/dtv_ws/src/dtv_core/src/dtv_controller.cpp:1[m[K:
[1.947s] [01m[K/home/beren/dtv_ws/src/dtv_core/src/dtv_controller.cpp:[m[K In member function ‘[01m[Kvoid Controller::joystickCallback(const Joy&) const[m[K’:
[1.948s] [01m[K/home/beren/dtv_ws/src/dtv_core/src/dtv_controller.cpp:21:44:[m[K [01;35m[Kwarning: [m[Kformat ‘[01m[K%f[m[K’ expects argument of type ‘[01m[Kdouble[m[K’, but argument 5 has type ‘[01m[Kconst _buttons_type[m[K’ {aka ‘[01m[Kconst std::vector<int>[m[K’} [[01;35m[K]8;;https://gcc.gnu.org/onlinedocs/gcc/Warning-Options.html#index-Wformat=-Wformat=]8;;[m[K]
[1.948s]    21 |            RCLCPP_INFO(this->get_logger(), [01;35m[K"Command: %f"[m[K, msg.buttons);
[1.948s]       |                                            [01;35m[K^~~~~~~~~~~~~[m[K
[1.948s] [01m[K/home/beren/dtv_ws/src/dtv_core/src/dtv_controller.cpp:21:55:[m[K [01;36m[Knote: [m[Kformat string is defined here
[1.948s]    21 |            RCLCPP_INFO(this->get_logger(), "Command: [01;36m[K%f[m[K", msg.buttons);
[1.948s]       |                                                      [01;36m[K~^[m[K
[1.948s]       |                                                       [01;36m[K|[m[K
[1.948s]       |                                                       [01;36m[Kdouble[m[K
[5.892s] [100%] [32m[1mLinking CXX executable dtv_controller[0m
[6.159s] [100%] Built target dtv_controller
[6.170s] Invoked command in '/home/beren/dtv_ws/build/dtv_core' returned '0': CMAKE_PREFIX_PATH=${CMAKE_PREFIX_PATH}:/opt/ros/humble /usr/bin/cmake --build /home/beren/dtv_ws/build/dtv_core -- -j16 -l16
[6.208s] Invoking command in '/home/beren/dtv_ws/build/dtv_core': CMAKE_PREFIX_PATH=${CMAKE_PREFIX_PATH}:/opt/ros/humble /usr/bin/cmake --install /home/beren/dtv_ws/build/dtv_core
[6.214s] -- Install configuration: ""
[6.214s] -- Installing: /home/beren/dtv_ws/install/dtv_core/lib/dtv_core/dtv_controller
[6.217s] -- Set runtime path of "/home/beren/dtv_ws/install/dtv_core/lib/dtv_core/dtv_controller" to ""
[6.218s] -- Up-to-date: /home/beren/dtv_ws/install/dtv_core/share/ament_index/resource_index/package_run_dependencies/dtv_core
[6.218s] -- Up-to-date: /home/beren/dtv_ws/install/dtv_core/share/ament_index/resource_index/parent_prefix_path/dtv_core
[6.218s] -- Up-to-date: /home/beren/dtv_ws/install/dtv_core/share/dtv_core/environment/ament_prefix_path.sh
[6.218s] -- Up-to-date: /home/beren/dtv_ws/install/dtv_core/share/dtv_core/environment/ament_prefix_path.dsv
[6.218s] -- Up-to-date: /home/beren/dtv_ws/install/dtv_core/share/dtv_core/environment/path.sh
[6.218s] -- Up-to-date: /home/beren/dtv_ws/install/dtv_core/share/dtv_core/environment/path.dsv
[6.218s] -- Up-to-date: /home/beren/dtv_ws/install/dtv_core/share/dtv_core/local_setup.bash
[6.218s] -- Up-to-date: /home/beren/dtv_ws/install/dtv_core/share/dtv_core/local_setup.sh
[6.219s] -- Up-to-date: /home/beren/dtv_ws/install/dtv_core/share/dtv_core/local_setup.zsh
[6.219s] -- Up-to-date: /home/beren/dtv_ws/install/dtv_core/share/dtv_core/local_setup.dsv
[6.219s] -- Installing: /home/beren/dtv_ws/install/dtv_core/share/dtv_core/package.dsv
[6.219s] -- Up-to-date: /home/beren/dtv_ws/install/dtv_core/share/ament_index/resource_index/packages/dtv_core
[6.219s] -- Up-to-date: /home/beren/dtv_ws/install/dtv_core/share/dtv_core/cmake/dtv_coreConfig.cmake
[6.219s] -- Up-to-date: /home/beren/dtv_ws/install/dtv_core/share/dtv_core/cmake/dtv_coreConfig-version.cmake
[6.219s] -- Up-to-date: /home/beren/dtv_ws/install/dtv_core/share/dtv_core/package.xml
[6.220s] Invoked command in '/home/beren/dtv_ws/build/dtv_core' returned '0': CMAKE_PREFIX_PATH=${CMAKE_PREFIX_PATH}:/opt/ros/humble /usr/bin/cmake --install /home/beren/dtv_ws/build/dtv_core
