[0.010s] Invoking command in '/home/beren/dtv_ws/build/dtv_core': CMAKE_PREFIX_PATH=${CMAKE_PREFIX_PATH}:/opt/ros/humble /usr/bin/cmake /home/beren/dtv_ws/src/dtv_core -DAMENT_CMAKE_SYMLINK_INSTALL=1 -DCMAKE_INSTALL_PREFIX=/home/beren/dtv_ws/install/dtv_core
[0.019s] -- Found ament_cmake: 1.3.10 (/opt/ros/humble/share/ament_cmake/cmake)
[0.100s] -- Override CMake install command with custom implementation using symlinks instead of copying resources
[0.107s] -- Found rclcpp: 16.0.10 (/opt/ros/humble/share/rclcpp/cmake)
[0.127s] -- Found rosidl_generator_c: 3.1.5 (/opt/ros/humble/share/rosidl_generator_c/cmake)
[0.128s] -- Found rosidl_adapter: 3.1.5 (/opt/ros/humble/share/rosidl_adapter/cmake)
[0.132s] -- Found rosidl_generator_cpp: 3.1.5 (/opt/ros/humble/share/rosidl_generator_cpp/cmake)
[0.138s] -- Using all available rosidl_typesupport_c: rosidl_typesupport_fastrtps_c;rosidl_typesupport_introspection_c
[0.147s] -- Using all available rosidl_typesupport_cpp: rosidl_typesupport_fastrtps_cpp;rosidl_typesupport_introspection_cpp
[0.166s] -- Found rmw_implementation_cmake: 6.1.2 (/opt/ros/humble/share/rmw_implementation_cmake/cmake)
[0.167s] -- Found rmw_cyclonedds_cpp: 1.3.4 (/opt/ros/humble/share/rmw_cyclonedds_cpp/cmake)
[0.178s] -- Using RMW implementation 'rmw_cyclonedds_cpp' as default
[0.208s] -- Found tf2_ros: 0.25.7 (/opt/ros/humble/share/tf2_ros/cmake)
[0.265s] -- Found sensor_msgs: 4.2.4 (/opt/ros/humble/share/sensor_msgs/cmake)
[0.276s] -- Found rosidl_default_generators: 1.2.0 (/opt/ros/humble/share/rosidl_default_generators/cmake)
[0.281s] -- Found ament_lint_auto: 0.12.11 (/opt/ros/humble/share/ament_lint_auto/cmake)
[0.327s] -- Added test 'cppcheck' to perform static code analysis on C / C++ code
[0.327s] -- Configured cppcheck include dirs: 
[0.328s] -- Configured cppcheck exclude dirs and/or files: 
[0.328s] -- Added test 'flake8' to check Python code syntax and style conventions
[0.328s] -- Added test 'lint_cmake' to check CMake code style
[0.328s] -- Added test 'pep257' to check Python code against some of the docstring style conventions in PEP 257
[0.329s] -- Added test 'uncrustify' to check C / C++ code style
[0.329s] -- Configured uncrustify additional arguments: 
[0.329s] -- Added test 'xmllint' to check XML markup files
[0.330s] -- Configuring done
[0.338s] -- Generating done
[0.339s] -- Build files have been written to: /home/beren/dtv_ws/build/dtv_core
[0.345s] Invoked command in '/home/beren/dtv_ws/build/dtv_core' returned '0': CMAKE_PREFIX_PATH=${CMAKE_PREFIX_PATH}:/opt/ros/humble /usr/bin/cmake /home/beren/dtv_ws/src/dtv_core -DAMENT_CMAKE_SYMLINK_INSTALL=1 -DCMAKE_INSTALL_PREFIX=/home/beren/dtv_ws/install/dtv_core
[0.347s] Invoking command in '/home/beren/dtv_ws/build/dtv_core': CMAKE_PREFIX_PATH=${CMAKE_PREFIX_PATH}:/opt/ros/humble /usr/bin/cmake --build /home/beren/dtv_ws/build/dtv_core -- -j16 -l16
[0.380s] [35m[1mConsolidate compiler generated dependencies of target dtv_controller[0m
[0.395s] [ 50%] [32m[1mLinking CXX executable dtv_controller[0m
[0.649s] [100%] Built target dtv_controller
[0.661s] Invoked command in '/home/beren/dtv_ws/build/dtv_core' returned '0': CMAKE_PREFIX_PATH=${CMAKE_PREFIX_PATH}:/opt/ros/humble /usr/bin/cmake --build /home/beren/dtv_ws/build/dtv_core -- -j16 -l16
[0.698s] Invoking command in '/home/beren/dtv_ws/build/dtv_core': CMAKE_PREFIX_PATH=${CMAKE_PREFIX_PATH}:/opt/ros/humble /usr/bin/cmake --install /home/beren/dtv_ws/build/dtv_core
[0.703s] -- Install configuration: ""
[0.703s] -- Execute custom install script
[0.704s] -- Symlinking: /home/beren/dtv_ws/install/dtv_core/share/dtv_core//launch/dtv.launch.py
[0.711s] -- Symlinking: /home/beren/dtv_ws/install/dtv_core/lib/dtv_core/dtv_controller
[0.719s] -- Symlinking: /home/beren/dtv_ws/install/dtv_core/share/ament_index/resource_index/package_run_dependencies/dtv_core
[0.726s] -- Symlinking: /home/beren/dtv_ws/install/dtv_core/share/ament_index/resource_index/parent_prefix_path/dtv_core
[0.733s] -- Symlinking: /home/beren/dtv_ws/install/dtv_core/share/dtv_core/environment/ament_prefix_path.sh
[0.740s] -- Symlinking: /home/beren/dtv_ws/install/dtv_core/share/dtv_core/environment/ament_prefix_path.dsv
[0.747s] -- Symlinking: /home/beren/dtv_ws/install/dtv_core/share/dtv_core/environment/path.sh
[0.754s] -- Symlinking: /home/beren/dtv_ws/install/dtv_core/share/dtv_core/environment/path.dsv
[0.762s] -- Symlinking: /home/beren/dtv_ws/install/dtv_core/share/dtv_core/local_setup.bash
[0.768s] -- Symlinking: /home/beren/dtv_ws/install/dtv_core/share/dtv_core/local_setup.sh
[0.775s] -- Symlinking: /home/beren/dtv_ws/install/dtv_core/share/dtv_core/local_setup.zsh
[0.781s] -- Symlinking: /home/beren/dtv_ws/install/dtv_core/share/dtv_core/local_setup.dsv
[0.788s] -- Symlinking: /home/beren/dtv_ws/install/dtv_core/share/dtv_core/package.dsv
[0.795s] -- Symlinking: /home/beren/dtv_ws/install/dtv_core/share/ament_index/resource_index/packages/dtv_core
[0.802s] -- Symlinking: /home/beren/dtv_ws/install/dtv_core/share/dtv_core/cmake/dtv_coreConfig.cmake
[0.809s] -- Symlinking: /home/beren/dtv_ws/install/dtv_core/share/dtv_core/cmake/dtv_coreConfig-version.cmake
[0.816s] -- Symlinking: /home/beren/dtv_ws/install/dtv_core/share/dtv_core/package.xml
[0.825s] Invoked command in '/home/beren/dtv_ws/build/dtv_core' returned '0': CMAKE_PREFIX_PATH=${CMAKE_PREFIX_PATH}:/opt/ros/humble /usr/bin/cmake --install /home/beren/dtv_ws/build/dtv_core
