[0.010s] Invoking command in '/home/beren/dtv_ws/build/dtv_core': CMAKE_PREFIX_PATH=${CMAKE_PREFIX_PATH}:/opt/ros/humble /usr/bin/cmake --build /home/beren/dtv_ws/build/dtv_core -- -j16 -l16
[0.057s] [100%] Built target dtv_controller
[0.068s] Invoked command in '/home/beren/dtv_ws/build/dtv_core' returned '0': CMAKE_PREFIX_PATH=${CMAKE_PREFIX_PATH}:/opt/ros/humble /usr/bin/cmake --build /home/beren/dtv_ws/build/dtv_core -- -j16 -l16
[0.103s] Invoking command in '/home/beren/dtv_ws/build/dtv_core': CMAKE_PREFIX_PATH=${CMAKE_PREFIX_PATH}:/opt/ros/humble /usr/bin/cmake --install /home/beren/dtv_ws/build/dtv_core
[0.108s] -- Install configuration: ""
[0.108s] -- Up-to-date: /home/beren/dtv_ws/install/dtv_core/share/dtv_core//launch
[0.109s] -- Installing: /home/beren/dtv_ws/install/dtv_core/share/dtv_core//launch/dtv.launch.py
[0.109s] -- Up-to-date: /home/beren/dtv_ws/install/dtv_core/lib/dtv_core/dtv_controller
[0.109s] -- Up-to-date: /home/beren/dtv_ws/install/dtv_core/share/ament_index/resource_index/package_run_dependencies/dtv_core
[0.109s] -- Up-to-date: /home/beren/dtv_ws/install/dtv_core/share/ament_index/resource_index/parent_prefix_path/dtv_core
[0.109s] -- Up-to-date: /home/beren/dtv_ws/install/dtv_core/share/dtv_core/environment/ament_prefix_path.sh
[0.109s] -- Up-to-date: /home/beren/dtv_ws/install/dtv_core/share/dtv_core/environment/ament_prefix_path.dsv
[0.109s] -- Up-to-date: /home/beren/dtv_ws/install/dtv_core/share/dtv_core/environment/path.sh
[0.109s] -- Up-to-date: /home/beren/dtv_ws/install/dtv_core/share/dtv_core/environment/path.dsv
[0.109s] -- Up-to-date: /home/beren/dtv_ws/install/dtv_core/share/dtv_core/local_setup.bash
[0.109s] -- Up-to-date: /home/beren/dtv_ws/install/dtv_core/share/dtv_core/local_setup.sh
[0.109s] -- Up-to-date: /home/beren/dtv_ws/install/dtv_core/share/dtv_core/local_setup.zsh
[0.109s] -- Up-to-date: /home/beren/dtv_ws/install/dtv_core/share/dtv_core/local_setup.dsv
[0.109s] -- Installing: /home/beren/dtv_ws/install/dtv_core/share/dtv_core/package.dsv
[0.110s] -- Up-to-date: /home/beren/dtv_ws/install/dtv_core/share/ament_index/resource_index/packages/dtv_core
[0.110s] -- Up-to-date: /home/beren/dtv_ws/install/dtv_core/share/dtv_core/cmake/dtv_coreConfig.cmake
[0.110s] -- Up-to-date: /home/beren/dtv_ws/install/dtv_core/share/dtv_core/cmake/dtv_coreConfig-version.cmake
[0.110s] -- Up-to-date: /home/beren/dtv_ws/install/dtv_core/share/dtv_core/package.xml
[0.111s] Invoked command in '/home/beren/dtv_ws/build/dtv_core' returned '0': CMAKE_PREFIX_PATH=${CMAKE_PREFIX_PATH}:/opt/ros/humble /usr/bin/cmake --install /home/beren/dtv_ws/build/dtv_core
