[0.017s] Invoking command in '/home/beren/dtv_ws/build/dtv_core': CMAKE_PREFIX_PATH=${CMAKE_PREFIX_PATH}:/opt/ros/humble /usr/bin/cmake --build /home/beren/dtv_ws/build/dtv_core -- -j16 -l16
[0.122s] [35m[1mConsolidate compiler generated dependencies of target dtv_controller[0m
[0.177s] [100%] Built target dtv_controller
[0.187s] Invoked command in '/home/beren/dtv_ws/build/dtv_core' returned '0': CMAKE_PREFIX_PATH=${CMAKE_PREFIX_PATH}:/opt/ros/humble /usr/bin/cmake --build /home/beren/dtv_ws/build/dtv_core -- -j16 -l16
[0.228s] Invoking command in '/home/beren/dtv_ws/build/dtv_core': CMAKE_PREFIX_PATH=${CMAKE_PREFIX_PATH}:/opt/ros/humble /usr/bin/cmake --install /home/beren/dtv_ws/build/dtv_core
[0.235s] -- Install configuration: ""
[0.238s] -- Up-to-date: /home/beren/dtv_ws/install/dtv_core/lib/dtv_core/dtv_controller
[0.239s] -- Up-to-date: /home/beren/dtv_ws/install/dtv_core/share/ament_index/resource_index/package_run_dependencies/dtv_core
[0.239s] -- Up-to-date: /home/beren/dtv_ws/install/dtv_core/share/ament_index/resource_index/parent_prefix_path/dtv_core
[0.240s] -- Up-to-date: /home/beren/dtv_ws/install/dtv_core/share/dtv_core/environment/ament_prefix_path.sh
[0.240s] -- Up-to-date: /home/beren/dtv_ws/install/dtv_core/share/dtv_core/environment/ament_prefix_path.dsv
[0.240s] -- Up-to-date: /home/beren/dtv_ws/install/dtv_core/share/dtv_core/environment/path.sh
[0.240s] -- Up-to-date: /home/beren/dtv_ws/install/dtv_core/share/dtv_core/environment/path.dsv
[0.240s] -- Up-to-date: /home/beren/dtv_ws/install/dtv_core/share/dtv_core/local_setup.bash
[0.240s] -- Up-to-date: /home/beren/dtv_ws/install/dtv_core/share/dtv_core/local_setup.sh
[0.240s] -- Up-to-date: /home/beren/dtv_ws/install/dtv_core/share/dtv_core/local_setup.zsh
[0.240s] -- Up-to-date: /home/beren/dtv_ws/install/dtv_core/share/dtv_core/local_setup.dsv
[0.240s] -- Installing: /home/beren/dtv_ws/install/dtv_core/share/dtv_core/package.dsv
[0.240s] -- Up-to-date: /home/beren/dtv_ws/install/dtv_core/share/ament_index/resource_index/packages/dtv_core
[0.241s] -- Up-to-date: /home/beren/dtv_ws/install/dtv_core/share/dtv_core/cmake/dtv_coreConfig.cmake
[0.241s] -- Up-to-date: /home/beren/dtv_ws/install/dtv_core/share/dtv_core/cmake/dtv_coreConfig-version.cmake
[0.241s] -- Up-to-date: /home/beren/dtv_ws/install/dtv_core/share/dtv_core/package.xml
[0.243s] Invoked command in '/home/beren/dtv_ws/build/dtv_core' returned '0': CMAKE_PREFIX_PATH=${CMAKE_PREFIX_PATH}:/opt/ros/humble /usr/bin/cmake --install /home/beren/dtv_ws/build/dtv_core
